Found ConfigField TileEntityRemover_Enabled
Found ConfigField TileEntityTargetList
Fluid: liquidessence
Ore: dustVinteum
Ore: gemBlueTopaz
Ore: gemChimerite
Ore: gemMoonstone
Ore: gemSunstone
Ore: crafterWood
Ore: craftingTableWood
Ore: plankWood
Ore: logWood
Ore: stickWood
Ore: crafterWood
Ore: craftingTableWood
Ore: plankWood
Ore: logWood
Ore: stickWood
Ore: crafterWood
Ore: craftingTableWood
Ore: plankWood
Ore: logWood
Ore: stickWood
Ore: crafterWood
Ore: craftingTableWood
Ore: plankWood
Ore: logWood
Ore: stickWood
Ore: crafterWood
Ore: craftingTableWood
Ore: plankWood
Ore: logWood
Ore: stickWood
Ore: crafterWood
Ore: craftingTableWood
Ore: plankWood
Ore: logWood
Ore: stickWood
Ore: crafterWood
Ore: craftingTableWood
Ore: plankWood
Ore: logWood
Ore: stickWood
Ore: crafterWood
Ore: craftingTableWood
Ore: plankWood
Ore: logWood
Ore: stickWood
Ore: crafterWood
Ore: craftingTableWood
Ore: plankWood
Ore: logWood
Ore: stickWood
Ore: crafterWood
Ore: craftingTableWood
Ore: plankWood
Ore: logWood
Ore: stickWood
Ore: crafterWood
Ore: craftingTableWood
Ore: plankWood
Ore: logWood
Ore: stickWood
Ore: crafterWood
Ore: craftingTableWood
Ore: plankWood
Ore: logWood
Ore: stickWood
Ore: dyeBlue
Ore: glassSoul
Ore: chestWood
Ore: blockGlass
Ore: blockGlass
Ore: blockGlass
Ore: cropRaspberry
Ore: cropBlueberry
Ore: cropBlackberry
Ore: cropMaloberry
Ore: cropBlightberry
Ore: cropDuskberry
Ore: cropSkyberry
Ore: cropStingberry
Ore: taintedSoil
Ore: slabWood
Ore: slabWood
Ore: saplingTree
Ore: saplingTree
Ore: leavesTree
Ore: leavesTree
Ore: leavesTree
Ore: leavesTree
Fluid: bop.liquidpoison
Fluid: bop.springwater
Fluid: bop.honey
Ore: plankWood
Ore: stickWood
Ore: stickWood
Ore: dyeBlue
Ore: dyeBrown
Ore: dyeGreen
Ore: dyeWhite
Ore: dyeBlack
Ore: gemRuby
Ore: gemPeridot
Ore: gemTopaz
Ore: gemTanzanite
Ore: gemMalachite
Ore: gemSapphire
Ore: oreRuby
Ore: oreTopaz
Ore: orePeridot
Ore: oreTanzanite
Ore: oreMalachite
Ore: oreSapphire
Ore: treeSapling
Ore: treeSapling
Ore: logWood
Ore: logWood
Ore: logWood
Ore: logWood
Ore: logWood
Ore: logWood
Ore: logWood
Ore: logWood
Ore: logWood
Ore: logWood
Ore: logWood
Ore: logWood
Ore: logWood
Ore: logWood
Ore: logWood
Ore: slabWood
Ore: slabWood
Ore: stairWood
Ore: stairWood
Ore: stairWood
Ore: stairWood
Ore: stairWood
Ore: stairWood
Ore: stairWood
Ore: stairWood
Ore: stairWood
Ore: stairWood
Ore: stairWood
Ore: stairWood
Ore: stairWood
Ore: treeLeaves
Ore: treeLeaves
Ore: treeLeaves
Ore: treeLeaves
Ore: treeLeaves
Ore: treeLeaves
Ore: treeLeaves
Ore: treeLeaves
Ore: sandstone
Ore: glass
Ore: oreCoal
Ore: cloth
Ore: blockGold
Ore: blockIron
Ore: blockDiamond
Ore: blockGlowstone
Ore: blockEmerald
Ore: blockRedstone
Ore: coal
Ore: charcoal
Ore: ingotIron
Ore: ingotGold
Ore: dustRedstone
Ore: slimeball
Ore: dustGlowstone
Ore: nuggetGold
Ore: gearWood
Ore: gearStone
Ore: gearIron
Ore: gearGold
Ore: gearDiamond
Fluid: uumatter
Fluid: constructionfoam
Fluid: ic2coolant
Ore: oreUranium
Ore: treeLeaves
Ore: treeSapling
Ore: dustBronze
Ore: dustClay
Ore: dustCoal
Ore: dustCopper
Ore: dustGold
Ore: dustIron
Ore: dustSilver
Ore: dustTin
Ore: dustLead
Ore: dustObsidian
Ore: dustLapis
Ore: dustSulfur
Ore: dustLithium
Ore: dustDiamond
Ore: dustSiliconDioxide
Ore: dustHydratedCoal
Ore: dustTinyCopper
Ore: dustTinyGold
Ore: dustTinyIron
Ore: dustTinySilver
Ore: dustTinyTin
Ore: dustTinyLead
Ore: dustTinySulfur
Ore: dustTinyLithium
Ore: itemRubber
Ore: ingotBronze
Ore: ingotCopper
Ore: ingotRefinedIron
Ore: ingotLead
Ore: ingotTin
Ore: ingotSilver
Ore: plateIron
Ore: plateGold
Ore: plateCopper
Ore: plateTin
Ore: plateLead
Ore: plateLapis
Ore: plateObsidian
Ore: plateBronze
Ore: plateDenseIron
Ore: plateDenseGold
Ore: plateDenseCopper
Ore: plateDenseTin
Ore: plateDenseLead
Ore: plateDenseLapis
Ore: plateDenseObsidian
Ore: plateDenseBronze
Ore: crushedIron
Ore: crushedGold
Ore: crushedSilver
Ore: crushedLead
Ore: crushedCopper
Ore: crushedTin
Ore: crushedUranium
Ore: crushedPurifiedIron
Ore: crushedPurifiedGold
Ore: crushedPurifiedSilver
Ore: crushedPurifiedLead
Ore: crushedPurifiedCopper
Ore: crushedPurifiedTin
Ore: crushedPurifiedUranium
Ore: blockBronze
Ore: blockCopper
Ore: blockTin
Ore: blockUranium
Ore: blockLead
Ore: gemDiamond
Ore: gemDiamond
Ore: craftingToolForgeHammer
Ore: craftingToolWireCutter
Ore: woodRubber
Fluid: oil
Fluid: fuel
Fluid: milk
Fluid: sludge
Fluid: sewage
Fluid: mobessence
Fluid: biofuel
Fluid: meat
Fluid: pinkslime
Fluid: chocolatemilk
Fluid: mushroomsoup
Ore: gemApatite
Ore: ingotCopper
Ore: ingotTin
Ore: ingotBronze
Ore: brickPeat
Ore: dustAsh
Ore: gearBronze
Ore: gearCopper
Ore: gearTin
Ore: pulpWood
Ore: itemBeeswax
Ore: cropCherry
Ore: cropWalnut
Ore: cropChestnut
Ore: cropLemon
Ore: cropPlum
Ore: cropDate
Ore: cropPapaya
Ore: oreApatite
Ore: oreCopper
Ore: oreTin
Ore: dropHoney
Ore: itemPollen
Ore: dropHoneydew
Ore: dropRoyalJelly
Ore: beeComb
Ore: treeSapling
Ore: logWood
Ore: logWood
Ore: logWood
Ore: logWood
Ore: logWood
Ore: logWood
Ore: logWood
Ore: plankWood
Ore: plankWood
Ore: slabWood
Ore: slabWood
Ore: slabWood
Ore: gemDiamond
Ore: gemEmerald
Ore: ingotIron
Ore: ingotGold
Ore: gemDiamond
Fluid: acid
Fluid: poison
Fluid: liquidnitrogen
Ore: logWood
Ore: logWood
Ore: logWood
Ore: logWood
Ore: logWood
Ore: logWood
Ore: logWood
Ore: logWood
Ore: logWood
Ore: logWood
Ore: logWood
Ore: logWood
Ore: logWood
Ore: logWood
Ore: logWood
Ore: logWood
Ore: logWood
Ore: logWood
Ore: logWood
Ore: logWood
Ore: logWood
Ore: logWood
Ore: logWood
Ore: logWood
Ore: logWood
Ore: logWood
Ore: logWood
Ore: logWood
Ore: logWood
Ore: logWood
Ore: logWood
Ore: logWood
Ore: logWood
Ore: logWood
Ore: logWood
Ore: logWood
Ore: logWood
Ore: logWood
Ore: logWood
Ore: logWood
Ore: plankWood
Ore: plankWood
Ore: plankWood
Ore: plankWood
Ore: plankWood
Ore: plankWood
Ore: plankWood
Ore: plankWood
Ore: plankWood
Ore: plankWood
Ore: plankWood
Ore: plankWood
Ore: plankWood
Ore: plankWood
Ore: plankWood
Ore: plankWood
Ore: plankWood
Ore: plankWood
Ore: plankWood
Ore: plankWood
Ore: plankWood
Ore: plankWood
Ore: plankWood
Ore: plankWood
Ore: plankWood
Ore: plankWood
Ore: plankWood
Ore: plankWood
Ore: plankWood
Ore: plankWood
Ore: plankWood
Ore: plankWood
Ore: plankWood
Ore: plankWood
Ore: plankWood
Fluid: sap
Fluid: resin
Fluid: latex
Fluid: turpentine
Ore: pulpWood
Ore: cropApple
Ore: cropCrabapple
Ore: cropOrange
Ore: cropKumquat
Ore: cropLime
Ore: cropCherry
Ore: cropWildCherry
Ore: cropCherry
Ore: cropSourCherry
Ore: cropCherry
Ore: cropBlackCherry
Ore: cropBlackthorn
Ore: cropPlum
Ore: cropCherryPlum
Ore: cropAlmond
Ore: cropApricot
Ore: cropGrapefruit
Ore: cropPeach
Ore: cropSatsuma
Ore: cropOrange
Ore: cropBuddhaHand
Ore: cropCitron
Ore: cropCitron
Ore: cropLime
Ore: cropFingerLime
Ore: cropKeyLime
Ore: cropLime
Ore: cropOrange
Ore: cropManderin
Ore: cropPeach
Ore: cropNectarine
Ore: cropPomelo
Ore: cropTangerine
Ore: cropOrange
Ore: cropPear
Ore: cropSandPear
Ore: cropHazelnut
Ore: cropButternut
Ore: cropWalnut
Ore: cropBeechnut
Ore: cropPecan
Ore: cropBanana
Ore: cropRedBanana
Ore: cropBanana
Ore: cropPlantain
Ore: cropBrazilNut
Ore: cropFig
Ore: cropAcorn
Ore: cropElderberry
Ore: cropOlive
Ore: cropGingkoNut
Ore: cropCoffee
Ore: cropOsangeOrange
Ore: cropClove
Ore: cropApple
Ore: cropHops
Ore: seedWheat
Ore: seedWheat
Ore: seedBarley
Ore: seedCorn
Ore: seedRye
Ore: seedRoasted
Fluid: myst.ink.black
Fluid: fluxgoo
Ore: oreCinnabar
Ore: oreAmber
Ore: nuggetIron
Ore: nuggetCopper
Ore: nuggetTin
Ore: nuggetSilver
Ore: nuggetLead
Ore: nuggetThaumium
Ore: logWood
Ore: logWood
Ore: plankWood
Ore: plankWood
Fluid: creosote
Fluid: steam
Ore: nuggetIron
Ore: nuggetSteel
Ore: ingotSteel
Ore: fuelCoke
Ore: dustObsidian
Ore: dustSulfur
Ore: dustSaltpeter
Ore: dustCharcoal
Ore: blockSteel
Ore: oreSulfur
Ore: oreSaltpeter
Ore: oreDiamond
Ore: oreEmerald
Ore: oreLapis
Ore: oreFirestone
Ore: sludge
Ore: oreSilver
Ore: ingotSilver
Ore: ingotLead
Ore: blockSilver
Ore: blockLead
Ore: oreFzDarkIron
Ore: ingotFzDarkIron
Ore: blockFzDarkIron
Ore: sulfuricAcid
Ore: bottleSulfuricAcid
Ore: aquaRegia
Ore: hambone
Ore: blockRubber
Fluid: iron.molten
Fluid: gold.molten
Fluid: copper.molten
Fluid: tin.molten
Fluid: aluminum.molten
Fluid: cobalt.molten
Fluid: ardite.molten
Fluid: bronze.molten
Fluid: aluminumbrass.molten
Fluid: manyullyn.molten
Fluid: alumite.molten
Fluid: obsidian.molten
Fluid: steel.molten
Fluid: glass.molten
Fluid: stone.seared
Fluid: emerald.liquid
Fluid: blood
Fluid: nickel.molten
Fluid: lead.molten
Fluid: silver.molten
Fluid: platinum.molten
Fluid: invar.molten
Fluid: electrum.molten
Fluid: ender
Fluid: slime.blue
Fluid: glue
Fluid: pigiron.molten
Ore: oreCobalt
Ore: oreArdite
Ore: oreCopper
Ore: oreTin
Ore: oreAluminum
Ore: oreAluminium
Ore: oreIron
Ore: oreGold
Ore: oreCobalt
Ore: oreCopper
Ore: oreTin
Ore: oreAluminum
Ore: oreAluminium
Ore: ingotCobalt
Ore: ingotArdite
Ore: ingotManyullyn
Ore: ingotCopper
Ore: ingotTin
Ore: ingotAluminum
Ore: ingotAluminium
Ore: ingotBronze
Ore: ingotAluminumBrass
Ore: ingotAluminiumBrass
Ore: ingotAlumite
Ore: ingotSteel
Ore: ingotObsidian
Ore: ingotPigIron
Ore: itemRawRubber
Ore: blockCobalt
Ore: blockArdite
Ore: blockManyullyn
Ore: blockCopper
Ore: blockBronze
Ore: blockTin
Ore: blockAluminum
Ore: blockAluminium
Ore: blockAluminumBrass
Ore: blockAluminiumBrass
Ore: blockAlumite
Ore: blockSteel
Ore: nuggetIron
Ore: nuggetIron
Ore: nuggetCopper
Ore: nuggetCopper
Ore: nuggetTin
Ore: nuggetTin
Ore: nuggetAluminum
Ore: nuggetAluminum
Ore: nuggetAluminium
Ore: nuggetAluminium
Ore: nuggetAluminumBrass
Ore: nuggetAluminiumBrass
Ore: nuggetObsidian
Ore: nuggetCobalt
Ore: nuggetArdite
Ore: nuggetManyullyn
Ore: nuggetBronze
Ore: nuggetAlumite
Ore: nuggetSteel
Ore: nuggetGold
Ore: nuggetPigIron
Ore: slabCloth
Ore: slabCloth
Ore: stoneMossy
Ore: stoneMossy
Ore: crafterWood
Ore: craftingTableWood
Ore: torchStone
Ore: woodRod
Ore: stoneRod
Ore: ironRod
Ore: flintRod
Ore: cactusRod
Ore: boneRod
Ore: obsidianRod
Ore: netherrackRod
Ore: slimeRod
Ore: paperRod
Ore: cobaltRod
Ore: arditeRod
Ore: manyullynRod
Ore: copperRod
Ore: bronzeRod
Ore: alumiteRod
Ore: steelRod
Ore: blueslimeRod
Ore: thaumiumRod
Ore: glassWhite
Ore: glassOrange
Ore: glassMagenta
Ore: glassLightBlue
Ore: glassYellow
Ore: glassLime
Ore: glassPink
Ore: glassGray
Ore: glassLightGray
Ore: glassCyan
Ore: glassPurple
Ore: glassBlue
Ore: glassBrown
Ore: glassGreen
Ore: glassRed
Ore: glassBlack
Ore: slimeball
Ore: slimeball
Ore: slimeball
Ore: slimeball
Ore: glass
Ore: glass
Ore: mb.magnet.level0
Ore: mb.magnet.level0
Ore: mb.magnet.level1
Ore: mb.magnet.level1
Ore: mb.magnet.level2
Ore: mb.magnet.level2
Ore: mb.magnet.level3
Ore: mb.magnet.level3
Ore: mb.magnet.level4
Ore: mb.magnet.level4
Ore: mb.magnet.level5
Ore: mb.magnet.level5
Ore: mb.magnet.level6
Ore: mb.magnet.level6
Ore: mb.magnet.level7
Ore: mb.magnet.level7
Ore: mb.magnet.level8
Ore: mb.magnet.level8
Ore: beeComb
Ore: waxMagical
Ore: waxMagical
Ore: nuggetIron
Ore: nuggetCopper
Ore: nuggetTin
Ore: nuggetSilver
Ore: nuggetLead
Ore: shardDiamond
Ore: shardEmerald
Ore: shardApatite
Fluid: fortron
Fluid: xpjuice
Found ConfigField creosote_fermentation
Ore: stoneRod
Ore: oreBlueTopaz
Ore: oreVinteum
Ore: oreChimerite
Ore: oreMoonstone
Ore: oreSunstone
Ore: blockBlueTopaz
Ore: blockVinteum
Ore: blockChimerite
Ore: blockMoonstone
Ore: blockSunstone
Ore: logWood
Ore: stairWood
Ore: plankWood
Ore: slabWood
Ore: oreCertusQuartz
Ore: crystalCertusQuartz
Ore: dustCertusQuartz
Ore: dustNetherQuartz
Ore: dustEnderPearl
Ore: dustGold
Ore: dustIron
Ore: dustWheat
Ore: cropVine
Ore: dustIron
Ore: dustGold
Ore: dustCoal
Ore: dustObsidian
Ore: dustCopper
Ore: dustTin
Ore: dustSilver
Ore: dustLead
Ore: dustNickel
Ore: dustPlatinum
Ore: dustElectrum
Ore: dustInvar
Ore: dustBronze
Ore: dustEnderium
Ore: ingotCopper
Ore: ingotTin
Ore: ingotSilver
Ore: ingotLead
Ore: ingotNickel
Ore: ingotPlatinum
Ore: ingotElectrum
Ore: ingotInvar
Ore: ingotBronze
Ore: ingotEnderium
Ore: nuggetCopper
Ore: nuggetTin
Ore: nuggetSilver
Ore: nuggetLead
Ore: nuggetNickel
Ore: nuggetPlatinum
Ore: nuggetElectrum
Ore: nuggetInvar
Ore: nuggetBronze
Ore: nuggetEnderium
Ore: dustSulfur
Ore: dustSaltpeter
Ore: crystalCinnabar
Ore: gearCopper
Ore: gearTin
Ore: gearElectrum
Ore: gearInvar
Ore: gearBronze
Ore: oreCopper
Ore: oreTin
Ore: oreSilver
Ore: oreLead
Ore: oreNickel
Ore: blockCopper
Ore: blockTin
Ore: blockSilver
Ore: blockLead
Ore: blockNickel
Ore: blockPlatinum
Ore: blockElectrum
Ore: blockInvar
Ore: blockBronze
Ore: blockEnderium
Ore: glassHardened
Fluid: redstone
Fluid: glowstone
Fluid: pyrotheum
Fluid: cryotheum
Fluid: coal
Ore: itemRubber
Ore: itemRawRubber
Ore: woodRubber
Ore: leavesRubber
Ore: sheetPlastic
Ore: dustPlastic
Ore: ingotMeat
Ore: ingotMeatRaw
Ore: nuggetMeat
Ore: nuggetMeatRaw
Ore: blockMeat
Ore: blockMeatRaw
Ore: itemCharcoalSugar
Ore: cableRedNet
Ore: slimeball
Ore: dyeBrown
Ore: fertilizerOrganic
Ore: wireExplosive
Fluid: glass
Fluid: biomass
Fluid: bioethanol
Fluid: seedoil
Fluid: honey
Fluid: juice
Fluid: ice
Ore: dyeRed
Ore: dyeYellow
Ore: dyeBlue
Ore: dyeGreen
Ore: dyeBlack
Ore: dyeWhite
Ore: dyeBrown
Fluid: liquiddna
Ore: ingotCopper
Ore: ingotCopper
Ore: ingotTin
Ore: ingotTin
Ore: oreCopper
Ore: oreCopper
Ore: oreTin
Ore: oreTin
Ore: ingotSteel
Ore: ingotSteel
Ore: dustSteel
Ore: plateSteel
Ore: ingotBronze
Ore: ingotBronze
Ore: dustBronze
Ore: plateBronze
Ore: plateCopper
Ore: plateTin
Ore: plateIron
Ore: plateGold
Ore: circuitBasic
Ore: circuitAdvanced
Ore: circuitElite
Ore: motor
Ore: wrench
Ore: projredWire
Ore: projredWire
Ore: projredWire
Ore: projredWire
Ore: projredWire
Ore: projredWire
Ore: projredWire
Ore: projredWire
Ore: projredWire
Ore: projredWire
Ore: projredWire
Ore: projredWire
Ore: projredWire
Ore: projredWire
Ore: projredWire
Ore: projredWire
Ore: projredWire
Ore: projredWire
Ore: projredWire
Ore: projredWire
Ore: projredWire
Ore: projredWire
Ore: projredWire
Ore: projredWire
Ore: projredWire
Ore: projredWire
Ore: projredWire
Ore: projredWire
Ore: projredWire
Ore: projredWire
Ore: projredWire
Ore: projredWire
Ore: projredWire
Ore: projredWire
Ore: projredInsFramedWire
Ore: projredInsulatedWire
Ore: projredInsFramedWire
Ore: projredInsulatedWire
Ore: projredInsFramedWire
Ore: projredInsulatedWire
Ore: projredInsFramedWire
Ore: projredInsulatedWire
Ore: projredInsFramedWire
Ore: projredInsulatedWire
Ore: projredInsFramedWire
Ore: projredInsulatedWire
Ore: projredInsFramedWire
Ore: projredInsulatedWire
Ore: projredInsFramedWire
Ore: projredInsulatedWire
Ore: projredInsFramedWire
Ore: projredInsulatedWire
Ore: projredInsFramedWire
Ore: projredInsulatedWire
Ore: projredInsFramedWire
Ore: projredInsulatedWire
Ore: projredInsFramedWire
Ore: projredInsulatedWire
Ore: projredInsFramedWire
Ore: projredInsulatedWire
Ore: projredInsFramedWire
Ore: projredInsulatedWire
Ore: projredInsFramedWire
Ore: projredInsulatedWire
Ore: projredInsFramedWire
Ore: projredInsulatedWire
Ore: projredBundledCable
Ore: projredBundledCable
Ore: projredBundledCable
Ore: projredBundledCable
Ore: projredBundledCable
Ore: projredBundledCable
Ore: projredBundledCable
Ore: projredBundledCable
Ore: projredBundledCable
Ore: projredBundledCable
Ore: projredBundledCable
Ore: projredBundledCable
Ore: projredBundledCable
Ore: projredBundledCable
Ore: projredBundledCable
Ore: projredBundledCable
Ore: projredBundledCable
Ore: bricksGravel
Ore: enderobsidian
Ore: burntquartz
Ore: icestone
Ore: blockUnstable
Ore: glass
Ore: glass
Ore: glass
Ore: glass
Ore: glass
Ore: glass
Ore: glass
Ore: glass
Ore: glass
Ore: glass
Ore: glass
Ore: bricksStone
Ore: bricksStone
Ore: bricksStone
Ore: bricksStone
Ore: bricksStone
Ore: bricksStone
Ore: bricksStone
Ore: bricksStone
Ore: bricksStone
Ore: bricksStone
Ore: bricksStone
Ore: bricksStone
Ore: bricksStone
Ore: bricksStone
Ore: bricksStone
Ore: bricksStone
Ore: plankWood
Ore: plankWood
Ore: plankWood
Ore: plankWood
Ore: plankWood
Ore: plankWood
Ore: plankWood
Ore: plankWood
Ore: plankWood
Ore: plankWood
Ore: plankWood
Ore: plankWood
Ore: plankWood
Ore: plankWood
Ore: plankWood
Ore: plankWood
Ore: compressedCobblestone1x
Ore: compressedCobblestone2x
Ore: compressedCobblestone3x
Ore: compressedCobblestone4x
Ore: compressedCobblestone5x
Ore: compressedCobblestone6x
Ore: compressedCobblestone7x
Ore: compressedCobblestone8x
Ore: compressedDirt1x
Ore: compressedDirt2x
Ore: compressedDirt3x
Ore: compressedDirt4x
Ore: compressedGravel1x
Ore: compressedGravel2x
Ore: compressedSand1x
Ore: compressedSand2x
Ore: ingotUnstable
Ore: nuggetUnstable
Setting up meta item with texture: 4100:0 Gate Copier gatecopy:clipboard_empty
Setting up meta item with texture: 4100:1 Gate Copier gatecopy:clipboard_copy
Setting up meta item with texture: 4100:2 Gate Copier gatecopy:clipboard_empty_diamond
Setting up meta item with texture: 4100:3 Gate Copier gatecopy:clipboard_copy_diamond
Ore: greggy_greg_do_please_kindly_stuff_a_sock_in_it
Ore: logWood
Ore: logWood
Ore: treeSapling
Ore: treeLeaves
Ore: treeLeaves
Ore: plankWood
Ore: componentWiring
Ore: componentSolenoid
Ore: componentServo
Ore: componentGliderWing
Ore: componentIonThruster
Ore: componentLVCapacitor
Ore: componentMVCapacitor
Ore: componentHVCapacitor
Ore: componentParachute
Ore: componentPlatingBasic
Ore: componentPlatingAdvanced
Ore: componentFieldEmitter
Ore: componentLaserEmitter
Ore: componentCarbonMyofiber
Ore: componentControlCircuit
Ore: componentMyofiberGel
Ore: componentArtificialMuscle
Ore: cropPumpkin
Ore: cropMelon
Ore: cropPotato
Ore: cropCarrot
Fluid: peat
Fluid: vegetable
Setting up meta item: 4602:0 Blacksmithing Hammer
Setting up meta item: 4603:0 Iron Ring
Setting up meta item: 4600:0 Sugar Charcoal
Setting up meta item: 4600:1 Sugar Coke
Setting up meta item: 4600:2 Cactus Charcoal
Setting up meta item: 4600:3 Cactus Coke
Ore: componentSolarPanel
Ore: componentMagnet
Ore: componentComputerChip
Ore: projredPart
Ore: projredPart
Ore: projredPart
Ore: projredPart
Ore: projredPart
Ore: projredPart
Ore: projredPart
Ore: projredPart
Ore: projredPart
Ore: projredPart
Ore: projredPart
Ore: projredPart
Ore: projredPart
Ore: projredPart
Ore: projredPart
Ore: projredPart
Ore: projredPart
Ore: projredPart
Ore: projredPart
Ore: projredPart
Ore: projredPart
Ore: projredPart
Ore: projredPart
Ore: projredPart
Ore: projredPart
Ore: projredPart
Ore: projredPart
Ore: projredPart
Ore: projredPart
Ore: projredPart
Ore: projredPart
Ore: projredPart
Ore: projredPart
Ore: projredPart
Ore: projredPart
Ore: projredPart
Ore: projredPart
Ore: projredPart
Ore: projredPart
Ore: projredPart
Ore: projredPart
Ore: projredPart
Ore: projredPart
Ore: projredPart
Ore: projredPart
Ore: projredPart
Ore: projredPart
Ore: projredPart
Ore: projredPart
Ore: projredPart
Ore: projredPart
Ore: projredPart
Ore: projredIllumar
Ore: projredIllumar
Ore: projredIllumar
Ore: projredIllumar
Ore: projredIllumar
Ore: projredIllumar
Ore: projredIllumar
Ore: projredIllumar
Ore: projredIllumar
Ore: projredIllumar
Ore: projredIllumar
Ore: projredIllumar
Ore: projredIllumar
Ore: projredIllumar
Ore: projredIllumar
Ore: projredIllumar
Fluid: molten redstone
Fluid: molten conductive redmetal
Ore: dyeWhite
Ore: dyeOrange
Ore: dyeMagenta
Ore: dyeLightBlue
Ore: dyeYellow
Ore: dyeLime
Ore: dyePink
Ore: dyeGray
Ore: dyeLightGray
Ore: dyeCyan
Ore: dyePurple
Ore: dyeBlue
Ore: dyeBrown
Ore: dyeGreen
Ore: dyeRed
Ore: dyeBlack
Ore: ProjRed|Exploration:bag
Ore: ProjRed|Exploration:bag
Ore: ProjRed|Exploration:bag
Ore: ProjRed|Exploration:bag
Ore: ProjRed|Exploration:bag
Ore: ProjRed|Exploration:bag
Ore: ProjRed|Exploration:bag
Ore: ProjRed|Exploration:bag
Ore: ProjRed|Exploration:bag
Ore: ProjRed|Exploration:bag
Ore: ProjRed|Exploration:bag
Ore: ProjRed|Exploration:bag
Ore: ProjRed|Exploration:bag
Ore: ProjRed|Exploration:bag
Ore: ProjRed|Exploration:bag
Ore: ProjRed|Exploration:bag
Ore: gemRuby
Ore: gemSapphire
Ore: gemPeridot
Ore: oreRuby
Ore: oreSapphire
Ore: orePeridot
Ore: blockElectrumFlux
Ore: blockCrystalFlux
Ore: dustElectrumFlux
Ore: ingotElectrumFlux
Ore: nuggetElectrumFlux
Ore: gemCrystalFlux
Ore: diamondNugget
Ore: obsidianRod
Ore: stoneBowl
Ore: glassWhite
Ore: glassPaneWhite
Ore: glassOrange
Ore: glassPaneOrange
Ore: glassMagenta
Ore: glassPaneMagenta
Ore: glassLightBlue
Ore: glassPaneLightBlue
Ore: glassYellow
Ore: glassPaneYellow
Ore: glassLime
Ore: glassPaneLime
Ore: glassPink
Ore: glassPanePink
Ore: glassGray
Ore: glassPaneGray
Ore: glassLightGray
Ore: glassPaneLightGray
Ore: glassCyan
Ore: glassPaneCyan
Ore: glassPurple
Ore: glassPanePurple
Ore: glassBlue
Ore: glassPaneBlue
Ore: glassBrown
Ore: glassPaneBrown
Ore: glassGreen
Ore: glassPaneGreen
Ore: glassRed
Ore: glassPaneRed
Ore: glassBlack
Ore: glassPaneBlack
Fluid: short.mead
Ore: ingotIron
Ore: ingotGold
Ore: gemDiamond
Ore: gemEmerald
Ore: gemLapis
Ore: beeComb
Ore: fz.waterBucketLike
Ore: fz.waterBucketLike
Ore: fz.waterBucketLike
Ore: fz.waterBucketLike
Ore: fz.waterBucketLike
Ore: dirtyGravelIron
Ore: cleanGravelIron
Ore: reducedIron
Ore: crystallineIron
Ore: dirtyGravelGold
Ore: cleanGravelGold
Ore: reducedGold
Ore: crystallineGold
Ore: dirtyGravelLead
Ore: cleanGravelLead
Ore: reducedLead
Ore: crystallineLead
Ore: dirtyGravelTin
Ore: cleanGravelTin
Ore: reducedTin
Ore: crystallineTin
Ore: dirtyGravelCopper
Ore: cleanGravelCopper
Ore: reducedCopper
Ore: crystallineCopper
Ore: dirtyGravelGalena
Ore: cleanGravelGalena
Ore: reducedGalena
Ore: crystallineGalena
Ore: dirtyGravelSilver
Ore: cleanGravelSilver
Ore: reducedSilver
Ore: crystallineSilver
Ore: dirtyGravelCobalt
Ore: cleanGravelCobalt
Ore: reducedCobalt
Ore: crystallineCobalt
Ore: dirtyGravelArdite
Ore: cleanGravelArdite
Ore: reducedArdite
Ore: crystallineArdite
Ore: dirtyGravelDark Iron
Ore: cleanGravelDark Iron
Ore: reducedDark Iron
Ore: crystallineDark Iron
Ore: itemCharcoalSugar
Ore: itemCokeSugar
Ore: itemCharcoalCactus
Ore: itemCokeCactus
